<?xml version="1.0" encoding="UTF-8"?>
<!-- Generated by org.testng.reporters.JUnitXMLReporter -->
<testsuite ignored="0" hostname="LTIN719515" failures="0" tests="3" name="Default test" time="155.7" errors="0" timestamp="2026-05-04T20:37:02 IST">
  <testcase classname="testclasses.TestCases" name="test_homeLoan" time="34.707"/>
  <testcase classname="testclasses.TestCases" name="test_carLoan" time="24.626"/>
  <testcase classname="testclasses.TestCases" name="test_EmiCalculator" time="89.717"/>
</testsuite> <!-- Default test -->
