<?xml version="1.0" encoding="UTF-8"?>
<!-- Generated by org.testng.reporters.JUnitReportReporter -->
<testsuite hostname="LTIN719515" failures="0" tests="3" name="testclasses.TestCases" time="155.636" errors="0" timestamp="2026-05-04T20:37:02 IST" skipped="0">
  <testcase classname="testclasses.TestCases" name="test_homeLoan" time="37.765"/>
  <testcase classname="testclasses.TestCases" name="test_carLoan" time="26.440"/>
  <testcase classname="testclasses.TestCases" name="test_EmiCalculator" time="91.431"/>
</testsuite> <!-- testclasses.TestCases -->
